#
# There is insufficient memory for the Java Runtime Environment to continue.
# Native memory allocation (mmap) failed to map 65536 bytes for Failed to commit metaspace.
# Possible reasons:
#   The system is out of physical RAM or swap space
#   The process is running with CompressedOops enabled, and the Java Heap may be blocking the growth of the native heap
# Possible solutions:
#   Reduce memory load on the system
#   Increase physical memory or swap space
#   Check if swap backing store is full
#   Decrease Java heap size (-Xmx/-Xms)
#   Decrease number of Java threads
#   Decrease Java thread stack sizes (-Xss)
#   Set larger code cache with -XX:ReservedCodeCacheSize=
#   JVM is running with Unscaled Compressed Oops mode in which the Java heap is
#     placed in the first 4GB address space. The Java Heap base address is the
#     maximum limit for the native heap growth. Please use -XX:HeapBaseMinAddress
#     to set the Java Heap base and to place the Java Heap above 4GB virtual address.
# This output file may be truncated or incomplete.
#
#  Out of Memory Error (virtualSpaceNode.cpp:110), pid=4600, tid=1644
#
# JRE version: OpenJDK Runtime Environment Temurin-17.0.5+8 (17.0.5+8) (build 17.0.5+8)
# Java VM: OpenJDK 64-Bit Server VM Temurin-17.0.5+8 (17.0.5+8, mixed mode, tiered, compressed oops, compressed class ptrs, parallel gc, windows-amd64)
# No core dump will be written. Minidumps are not enabled by default on client versions of Windows
#

---------------  S U M M A R Y ------------

Command Line: --add-modules=ALL-SYSTEM --add-opens=java.base/java.util=ALL-UNNAMED --add-opens=java.base/java.lang=ALL-UNNAMED --add-opens=java.base/sun.nio.fs=ALL-UNNAMED -Declipse.application=org.eclipse.jdt.ls.core.id1 -Dosgi.bundles.defaultStartLevel=4 -Declipse.product=org.eclipse.jdt.ls.core.product -Djava.import.generatesMetadataFilesAtProjectRoot=false -Dfile.encoding=utf8 -XX:+UseParallelGC -XX:GCTimeRatio=4 -XX:AdaptiveSizePolicyWeight=90 -Dsun.zip.disableMemoryMapping=true -Xmx1G -Xms100m -Xlog:disable -javaagent:c:\Users\jatin\.vscode\extensions\redhat.java-1.13.0-win32-x64\lombok\lombok-1.18.24.jar -XX:+HeapDumpOnOutOfMemoryError -XX:HeapDumpPath=c:\Users\jatin\AppData\Roaming\Code\User\workspaceStorage\e1b60b987696dbfe46b5eea4b0f5baca\redhat.java c:\Users\jatin\.vscode\extensions\redhat.java-1.13.0-win32-x64\server\plugins\org.eclipse.equinox.launcher_1.6.400.v20210924-0641.jar -configuration c:\Users\jatin\AppData\Roaming\Code\User\globalStorage\redhat.java\1.13.0\config_win -data c:\Users\jatin\AppData\Roaming\Code\User\workspaceStorage\e1b60b987696dbfe46b5eea4b0f5baca\redhat.java\jdt_ws

Host: AMD Ryzen 5 5600H with Radeon Graphics         , 12 cores, 7G,  Windows 11 , 64 bit Build 22621 (10.0.22621.755)
Time: Tue Jan 17 01:05:56 2023 India Standard Time elapsed time: 0.486001 seconds (0d 0h 0m 0s)

---------------  T H R E A D  ---------------

Current thread (0x000001724e9ae9f0):  JavaThread "main" [_thread_in_vm, id=1644, stack(0x0000004c01e00000,0x0000004c01f00000)]

Stack: [0x0000004c01e00000,0x0000004c01f00000]
Native frames: (J=compiled Java code, j=interpreted, Vv=VM code, C=native code)
V  [jvm.dll+0x676b3a]
V  [jvm.dll+0x831444]
V  [jvm.dll+0x832bee]
V  [jvm.dll+0x833253]
V  [jvm.dll+0x244ce5]
V  [jvm.dll+0x82d4db]
V  [jvm.dll+0x61b2f6]
V  [jvm.dll+0x61b35a]
V  [jvm.dll+0x61db7a]
V  [jvm.dll+0x61bc96]
V  [jvm.dll+0x36ace2]
V  [jvm.dll+0x1e165b]
V  [jvm.dll+0x53be59]
V  [jvm.dll+0x1f05a7]
V  [jvm.dll+0x7ab9db]
V  [jvm.dll+0x7acd82]
V  [jvm.dll+0x7ad0b8]
V  [jvm.dll+0x23d0ee]
V  [jvm.dll+0x23d33f]
V  [jvm.dll+0x5593e3]
V  [jvm.dll+0x55b864]
V  [jvm.dll+0x38211b]
V  [jvm.dll+0x381bd2]
C  0x0000017251648768

Java frames: (J=compiled Java code, j=interpreted, Vv=VM code)
j  jdk.internal.icu.impl.Norm2AllModes.getNFKCInstance()Ljdk/internal/icu/impl/Norm2AllModes;+0 java.base@17.0.5
j  jdk.internal.icu.text.Normalizer2.getNFKDInstance()Ljdk/internal/icu/text/Normalizer2;+0 java.base@17.0.5
j  jdk.internal.icu.text.NormalizerBase$NFKDModeImpl.<clinit>()V+4 java.base@17.0.5
v  ~StubRoutines::call_stub
j  jdk.internal.icu.text.NormalizerBase$NFKDMode.getNormalizer2(I)Ljdk/internal/icu/text/Normalizer2;+16 java.base@17.0.5
j  jdk.internal.icu.text.NormalizerBase.normalize(Ljava/lang/String;Ljdk/internal/icu/text/NormalizerBase$Mode;I)Ljava/lang/String;+2 java.base@17.0.5
j  jdk.internal.icu.text.NormalizerBase.normalize(Ljava/lang/String;Ljava/text/Normalizer$Form;)Ljava/lang/String;+6 java.base@17.0.5
j  java.text.Normalizer.normalize(Ljava/lang/CharSequence;Ljava/text/Normalizer$Form;)Ljava/lang/String;+7 java.base@17.0.5
j  sun.security.x509.AVA.toRFC2253CanonicalString()Ljava/lang/String;+386 java.base@17.0.5
j  sun.security.x509.RDN.toRFC2253StringInternal(ZLjava/util/Map;)Ljava/lang/String;+19 java.base@17.0.5
j  sun.security.x509.RDN.toRFC2253String(Z)Ljava/lang/String;+27 java.base@17.0.5
j  sun.security.x509.X500Name.getRFC2253CanonicalName()Ljava/lang/String;+63 java.base@17.0.5
j  sun.security.x509.X500Name.equals(Ljava/lang/Object;)Z+115 java.base@17.0.5
j  sun.security.pkcs.PKCS7.getCertificate(Ljava/math/BigInteger;Lsun/security/x509/X500Name;)Ljava/security/cert/X509Certificate;+60 java.base@17.0.5
j  sun.security.pkcs.SignerInfo.getCertificate(Lsun/security/pkcs/PKCS7;)Ljava/security/cert/X509Certificate;+9 java.base@17.0.5
j  sun.security.pkcs.SignerInfo.verify(Lsun/security/pkcs/PKCS7;[B)Lsun/security/pkcs/SignerInfo;+423 java.base@17.0.5
j  sun.security.pkcs.PKCS7.verify(Lsun/security/pkcs/SignerInfo;[B)Lsun/security/pkcs/SignerInfo;+3 java.base@17.0.5
j  sun.security.pkcs.PKCS7.verify([B)[Lsun/security/pkcs/SignerInfo;+27 java.base@17.0.5
j  sun.security.pkcs.SignerInfo.getTimestamp()Ljava/security/Timestamp;+45 java.base@17.0.5
j  sun.security.pkcs.SignerInfo.verify(Lsun/security/pkcs/PKCS7;[B)Lsun/security/pkcs/SignerInfo;+3 java.base@17.0.5
j  sun.security.pkcs.PKCS7.verify(Lsun/security/pkcs/SignerInfo;[B)Lsun/security/pkcs/SignerInfo;+3 java.base@17.0.5
j  sun.security.pkcs.PKCS7.verify([B)[Lsun/security/pkcs/SignerInfo;+27 java.base@17.0.5
j  sun.security.util.SignatureFileVerifier.processImpl(Ljava/util/Hashtable;Ljava/util/List;Ljava/lang/String;)V+63 java.base@17.0.5
j  sun.security.util.SignatureFileVerifier.process(Ljava/util/Hashtable;Ljava/util/List;Ljava/lang/String;)V+12 java.base@17.0.5
j  java.util.jar.JarVerifier.processEntry(Lsun/security/util/ManifestEntryVerifier;)V+400 java.base@17.0.5
j  java.util.jar.JarVerifier.update(I[BIILsun/security/util/ManifestEntryVerifier;)V+39 java.base@17.0.5
j  java.util.jar.JarFile.initializeVerifier()V+163 java.base@17.0.5
j  java.util.jar.JarFile.ensureInitialization()V+41 java.base@17.0.5
j  java.util.jar.JavaUtilJarAccessImpl.ensureInitialization(Ljava/util/jar/JarFile;)V+1 java.base@17.0.5
j  jdk.internal.loader.URLClassPath$JarLoader$2.getManifest()Ljava/util/jar/Manifest;+10 java.base@17.0.5
j  jdk.internal.loader.BuiltinClassLoader.defineClass(Ljava/lang/String;Ljdk/internal/loader/Resource;)Ljava/lang/Class;+29 java.base@17.0.5
j  jdk.internal.loader.BuiltinClassLoader.findClassOnClassPathOrNull(Ljava/lang/String;)Ljava/lang/Class;+37 java.base@17.0.5
j  jdk.internal.loader.BuiltinClassLoader.loadClassOrNull(Ljava/lang/String;Z)Ljava/lang/Class;+111 java.base@17.0.5
j  jdk.internal.loader.BuiltinClassLoader.loadClass(Ljava/lang/String;Z)Ljava/lang/Class;+3 java.base@17.0.5
j  jdk.internal.loader.ClassLoaders$AppClassLoader.loadClass(Ljava/lang/String;Z)Ljava/lang/Class;+36 java.base@17.0.5
j  java.lang.ClassLoader.loadClass(Ljava/lang/String;)Ljava/lang/Class;+3 java.base@17.0.5
v  ~StubRoutines::call_stub
j  java.lang.Class.forName0(Ljava/lang/String;ZLjava/lang/ClassLoader;Ljava/lang/Class;)Ljava/lang/Class;+0 java.base@17.0.5
j  java.lang.Class.forName(Ljava/lang/String;ZLjava/lang/ClassLoader;)Ljava/lang/Class;+43 java.base@17.0.5
j  sun.launcher.LauncherHelper.loadMainClass(ILjava/lang/String;)Ljava/lang/Class;+95 java.base@17.0.5
j  sun.launcher.LauncherHelper.checkAndLoadMain(ZILjava/lang/String;)Ljava/lang/Class;+42 java.base@17.0.5
v  ~StubRoutines::call_stub

---------------  P R O C E S S  ---------------

Threads class SMR info:
_java_thread_list=0x00000172646f3070, length=13, elements={
0x000001724e9ae9f0, 0x0000017264386030, 0x0000017264387450, 0x0000017262827f20,
0x00000172628288e0, 0x0000017262829940, 0x000001726282d9c0, 0x00000172643ac670,
0x00000172643aff70, 0x00000172643b3060, 0x00000172644943f0, 0x00000172645753b0,
0x000001726468dc00
}

Java Threads: ( => current thread )
=>0x000001724e9ae9f0 JavaThread "main" [_thread_in_vm, id=1644, stack(0x0000004c01e00000,0x0000004c01f00000)]
  0x0000017264386030 JavaThread "Reference Handler" daemon [_thread_blocked, id=11900, stack(0x0000004c02100000,0x0000004c02200000)]
  0x0000017264387450 JavaThread "Finalizer" daemon [_thread_blocked, id=4984, stack(0x0000004c02200000,0x0000004c02300000)]
  0x0000017262827f20 JavaThread "Signal Dispatcher" daemon [_thread_blocked, id=4648, stack(0x0000004c02300000,0x0000004c02400000)]
  0x00000172628288e0 JavaThread "Attach Listener" daemon [_thread_blocked, id=10812, stack(0x0000004c02400000,0x0000004c02500000)]
  0x0000017262829940 JavaThread "Service Thread" daemon [_thread_blocked, id=13372, stack(0x0000004c02500000,0x0000004c02600000)]
  0x000001726282d9c0 JavaThread "Monitor Deflation Thread" daemon [_thread_blocked, id=10416, stack(0x0000004c02600000,0x0000004c02700000)]
  0x00000172643ac670 JavaThread "C2 CompilerThread0" daemon [_thread_blocked, id=15780, stack(0x0000004c02700000,0x0000004c02800000)]
  0x00000172643aff70 JavaThread "C1 CompilerThread0" daemon [_thread_blocked, id=16096, stack(0x0000004c02800000,0x0000004c02900000)]
  0x00000172643b3060 JavaThread "Sweeper thread" daemon [_thread_blocked, id=4860, stack(0x0000004c02900000,0x0000004c02a00000)]
  0x00000172644943f0 JavaThread "Common-Cleaner" daemon [_thread_blocked, id=1364, stack(0x0000004c02a00000,0x0000004c02b00000)]
  0x00000172645753b0 JavaThread "C2 CompilerThread1" daemon [_thread_blocked, id=13364, stack(0x0000004c02b00000,0x0000004c02c00000)]
  0x000001726468dc00 JavaThread "Notification Thread" daemon [_thread_blocked, id=7752, stack(0x0000004c02c00000,0x0000004c02d00000)]

Other Threads:
  0x000001724ea6d460 VMThread "VM Thread" [stack: 0x0000004c02000000,0x0000004c02100000] [id=5660]
  0x00000172646f0100 WatcherThread [stack: 0x0000004c02d00000,0x0000004c02e00000] [id=16360]
  0x000001724e9c3cd0 GCTaskThread "GC Thread#0" [stack: 0x0000004c01f00000,0x0000004c02000000] [id=924]

Threads with active compile tasks:

VM state: not at safepoint (normal execution)

VM Mutex/Monitor currently owned by a thread:  ([mutex/lock_event])
[0x000001724e9a9560] Metaspace_lock - owner thread: 0x000001724e9ae9f0

Heap address: 0x00000000c0000000, size: 1024 MB, Compressed Oops mode: 32-bit

CDS archive(s) not mapped
Compressed class space mapped at: 0x0000000100000000-0x0000000140000000, reserved size: 1073741824
Narrow klass base: 0x0000000000000000, Narrow klass shift: 3, Narrow klass range: 0x140000000

GC Precious Log:
 CPUs: 12 total, 12 available
 Memory: 7523M
 Large Page Support: Disabled
 NUMA Support: Disabled
 Compressed Oops: Enabled (32-bit)
 Alignments: Space 512K, Generation 512K, Heap 2M
 Heap Min Capacity: 100M
 Heap Initial Capacity: 100M
 Heap Max Capacity: 1G
 Pre-touch: Disabled
 Parallel Workers: 10

Heap:
 PSYoungGen      total 29696K, used 12904K [0x00000000eab00000, 0x00000000ecc00000, 0x0000000100000000)
  eden space 25600K, 50% used [0x00000000eab00000,0x00000000eb79a1f0,0x00000000ec400000)
  from space 4096K, 0% used [0x00000000ec800000,0x00000000ec800000,0x00000000ecc00000)
  to   space 4096K, 0% used [0x00000000ec400000,0x00000000ec400000,0x00000000ec800000)
 ParOldGen       total 68608K, used 0K [0x00000000c0000000, 0x00000000c4300000, 0x00000000eab00000)
  object space 68608K, 0% used [0x00000000c0000000,0x00000000c0000000,0x00000000c4300000)
 Metaspace       used 8644K, committed 8768K, reserved 1064960K
  class space    used 860K, committed 896K, reserved 1048576K

Card table byte_map: [0x000001724e350000,0x000001724e560000] _byte_map_base: 0x000001724dd50000

Marking Bits: (ParMarkBitMap*) 0x00007ffa5ef60dd0
 Begin Bits: [0x0000017260630000, 0x0000017261630000)
 End Bits:   [0x0000017261630000, 0x0000017262630000)

Polling page: 0x000001724c940000

Metaspace:

Usage:
  Non-class:      7.60 MB used.
      Class:    860.27 KB used.
       Both:      8.44 MB used.

Virtual space:
  Non-class space:       16.00 MB reserved,       7.69 MB ( 48%) committed,  2 nodes.
      Class space:        1.00 GB reserved,     896.00 KB ( <1%) committed,  1 nodes.
             Both:        1.02 GB reserved,       8.56 MB ( <1%) committed. 

Chunk freelists:
   Non-Class:  4.00 MB
       Class:  3.09 MB
        Both:  7.09 MB

MaxMetaspaceSize: unlimited
CompressedClassSpaceSize: 1.00 GB
Initial GC threshold: 21.00 MB
Current GC threshold: 21.00 MB
CDS: off
MetaspaceReclaimPolicy: balanced
 - commit_granule_bytes: 65536.
 - commit_granule_words: 8192.
 - virtual_space_node_default_size: 1048576.
 - enlarge_chunks_in_place: 1.
 - new_chunks_are_fully_committed: 0.
 - uncommit_free_chunks: 1.
 - use_allocation_guard: 0.
 - handle_deallocations: 1.


Internal statistics:

num_allocs_failed_limit: 0.
num_arena_births: 12.
num_arena_deaths: 0.
num_vsnodes_births: 3.
num_vsnodes_deaths: 0.
num_space_committed: 137.
num_space_uncommitted: 0.
num_chunks_returned_to_freelist: 0.
num_chunks_taken_from_freelist: 40.
num_chunk_merges: 0.
num_chunk_splits: 22.
num_chunks_enlarged: 17.
num_purges: 0.
num_inconsistent_stats: 0.

CodeHeap 'non-profiled nmethods': size=120000Kb used=202Kb max_used=202Kb free=119798Kb
 bounds [0x0000017259100000, 0x0000017259370000, 0x0000017260630000]
CodeHeap 'profiled nmethods': size=120000Kb used=850Kb max_used=850Kb free=119149Kb
 bounds [0x0000017251bd0000, 0x0000017251e40000, 0x0000017259100000]
CodeHeap 'non-nmethods': size=5760Kb used=1128Kb max_used=1144Kb free=4631Kb
 bounds [0x0000017251630000, 0x00000172518a0000, 0x0000017251bd0000]
 total_blobs=995 nmethods=581 adapters=329
 compilation: enabled
              stopped_count=0, restarted_count=0
 full_count=0

Compilation events (20 events):
Event: 0.444 Thread 0x00000172643aff70 nmethod 571 0x0000017251c9fa10 code [0x0000017251c9fc40, 0x0000017251ca0388]
Event: 0.444 Thread 0x00000172643aff70  559       3       sun.util.locale.LanguageTag::isRegion (36 bytes)
Event: 0.445 Thread 0x00000172643aff70 nmethod 559 0x0000017251ca0510 code [0x0000017251ca07e0, 0x0000017251ca1958]
Event: 0.445 Thread 0x00000172643aff70  572       3       java.lang.Byte::<init> (10 bytes)
Event: 0.446 Thread 0x00000172643aff70 nmethod 572 0x0000017251ca1f10 code [0x0000017251ca20c0, 0x0000017251ca2298]
Event: 0.449 Thread 0x00000172643aff70  573       3       java.lang.reflect.Modifier::isProtected (12 bytes)
Event: 0.449 Thread 0x00000172643aff70 nmethod 573 0x0000017251ca2390 code [0x0000017251ca2520, 0x0000017251ca2678]
Event: 0.450 Thread 0x00000172643ac670 nmethod 496 0x0000017259131210 code [0x00000172591313e0, 0x0000017259131a98]
Event: 0.454 Thread 0x00000172643aff70  574  s    3       java.io.ByteArrayOutputStream::write (32 bytes)
Event: 0.454 Thread 0x00000172643aff70 nmethod 574 0x0000017251ca2710 code [0x0000017251ca28c0, 0x0000017251ca2b08]
Event: 0.455 Thread 0x00000172645753b0  575       4       java.lang.Math::min (11 bytes)
Event: 0.456 Thread 0x00000172645753b0 nmethod 575 0x0000017259131f10 code [0x0000017259132080, 0x00000172591320d8]
Event: 0.467 Thread 0x00000172643aff70  576       3       java.lang.instrument.ClassFileTransformer::transform (15 bytes)
Event: 0.467 Thread 0x00000172643aff70 nmethod 576 0x0000017251ca2c10 code [0x0000017251ca2dc0, 0x0000017251ca2f48]
Event: 0.479 Thread 0x00000172643aff70  577       3       java.lang.invoke.MethodType::checkPtypes (76 bytes)
Event: 0.480 Thread 0x00000172643aff70 nmethod 577 0x0000017251ca3090 code [0x0000017251ca3300, 0x0000017251ca3c48]
Event: 0.480 Thread 0x00000172643aff70  578       3       java.lang.ref.WeakReference::<init> (7 bytes)
Event: 0.480 Thread 0x00000172643aff70 nmethod 578 0x0000017251ca4010 code [0x0000017251ca41c0, 0x0000017251ca4418]
Event: 0.482 Thread 0x00000172643aff70  581       3       java.util.Arrays::hashCode (44 bytes)
Event: 0.483 Thread 0x00000172643aff70 nmethod 581 0x0000017251ca4510 code [0x0000017251ca46c0, 0x0000017251ca48d8]

GC Heap History (0 events):
No events

Dll operation events (8 events):
Event: 0.006 Loaded shared library c:\Users\jatin\.vscode\extensions\redhat.java-1.13.0-win32-x64\jre\17.0.5-win32-x86_64\bin\java.dll
Event: 0.102 Loaded shared library c:\Users\jatin\.vscode\extensions\redhat.java-1.13.0-win32-x64\jre\17.0.5-win32-x86_64\bin\zip.dll
Event: 0.104 Loaded shared library C:\Users\jatin\.vscode\extensions\redhat.java-1.13.0-win32-x64\jre\17.0.5-win32-x86_64\bin\instrument.dll
Event: 0.116 Loaded shared library C:\Users\jatin\.vscode\extensions\redhat.java-1.13.0-win32-x64\jre\17.0.5-win32-x86_64\bin\net.dll
Event: 0.118 Loaded shared library C:\Users\jatin\.vscode\extensions\redhat.java-1.13.0-win32-x64\jre\17.0.5-win32-x86_64\bin\nio.dll
Event: 0.124 Loaded shared library C:\Users\jatin\.vscode\extensions\redhat.java-1.13.0-win32-x64\jre\17.0.5-win32-x86_64\bin\zip.dll
Event: 0.139 Loaded shared library C:\Users\jatin\.vscode\extensions\redhat.java-1.13.0-win32-x64\jre\17.0.5-win32-x86_64\bin\jimage.dll
Event: 0.189 Loaded shared library c:\Users\jatin\.vscode\extensions\redhat.java-1.13.0-win32-x64\jre\17.0.5-win32-x86_64\bin\verify.dll

Deoptimization events (20 events):
Event: 0.307 Thread 0x000001724e9ae9f0 DEOPT PACKING pc=0x0000017251c00993 sp=0x0000004c01ef99a0
Event: 0.307 Thread 0x000001724e9ae9f0 DEOPT UNPACKING pc=0x0000017251682843 sp=0x0000004c01ef8e60 mode 0
Event: 0.309 Thread 0x000001724e9ae9f0 DEOPT PACKING pc=0x0000017251c00993 sp=0x0000004c01efae60
Event: 0.309 Thread 0x000001724e9ae9f0 DEOPT UNPACKING pc=0x0000017251682843 sp=0x0000004c01efa320 mode 0
Event: 0.326 Thread 0x000001724e9ae9f0 Uncommon trap: trap_request=0xffffff45 fr.pc=0x000001725910e940 relative=0x0000000000000560
Event: 0.326 Thread 0x000001724e9ae9f0 Uncommon trap: reason=unstable_if action=reinterpret pc=0x000001725910e940 method=java.util.HashMap.putVal(ILjava/lang/Object;Ljava/lang/Object;ZZ)Ljava/lang/Object; @ 181 c2
Event: 0.327 Thread 0x000001724e9ae9f0 DEOPT PACKING pc=0x000001725910e940 sp=0x0000004c01efddc0
Event: 0.327 Thread 0x000001724e9ae9f0 DEOPT UNPACKING pc=0x00000172516820a3 sp=0x0000004c01efdd30 mode 2
Event: 0.366 Thread 0x000001724e9ae9f0 Uncommon trap: trap_request=0xffffff45 fr.pc=0x0000017259114140 relative=0x00000000000000c0
Event: 0.366 Thread 0x000001724e9ae9f0 Uncommon trap: reason=unstable_if action=reinterpret pc=0x0000017259114140 method=java.net.URI.match(CJJ)Z @ 45 c2
Event: 0.366 Thread 0x000001724e9ae9f0 DEOPT PACKING pc=0x0000017259114140 sp=0x0000004c01efca50
Event: 0.366 Thread 0x000001724e9ae9f0 DEOPT UNPACKING pc=0x00000172516820a3 sp=0x0000004c01efc9d8 mode 2
Event: 0.380 Thread 0x000001724e9ae9f0 Uncommon trap: trap_request=0xffffff45 fr.pc=0x0000017259124a70 relative=0x0000000000000610
Event: 0.380 Thread 0x000001724e9ae9f0 Uncommon trap: reason=unstable_if action=reinterpret pc=0x0000017259124a70 method=java.lang.String.replace(Ljava/lang/CharSequence;Ljava/lang/CharSequence;)Ljava/lang/String; @ 48 c2
Event: 0.380 Thread 0x000001724e9ae9f0 DEOPT PACKING pc=0x0000017259124a70 sp=0x0000004c01efc9d0
Event: 0.380 Thread 0x000001724e9ae9f0 DEOPT UNPACKING pc=0x00000172516820a3 sp=0x0000004c01efc950 mode 2
Event: 0.407 Thread 0x000001724e9ae9f0 Uncommon trap: trap_request=0xffffffde fr.pc=0x0000017259123c8c relative=0x00000000000001ec
Event: 0.407 Thread 0x000001724e9ae9f0 Uncommon trap: reason=class_check action=maybe_recompile pc=0x0000017259123c8c method=java.util.Collections$UnmodifiableCollection$1.next()Ljava/lang/Object; @ 4 c2
Event: 0.407 Thread 0x000001724e9ae9f0 DEOPT PACKING pc=0x0000017259123c8c sp=0x0000004c01efc590
Event: 0.407 Thread 0x000001724e9ae9f0 DEOPT UNPACKING pc=0x00000172516820a3 sp=0x0000004c01efc540 mode 2

Classes unloaded (0 events):
No events

Classes redefined (0 events):
No events

Internal exceptions (2 events):
Event: 0.083 Thread 0x000001724e9ae9f0 Exception <a 'java/lang/NoSuchMethodError'{0x00000000eacb24e8}: 'void java.lang.invoke.DirectMethodHandle$Holder.invokeStatic(java.lang.Object, java.lang.Object, java.lang.Object)'> (0x00000000eacb24e8) 
thrown [s\src\hotspot\share\interpreter\linkResolver.cpp, line 759]
Event: 0.209 Thread 0x000001724e9ae9f0 Exception <a 'java/lang/reflect/InvocationTargetException'{0x00000000eaf78240}> (0x00000000eaf78240) 
thrown [s\src\hotspot\share\runtime\reflection.cpp, line 1121]

VM Operations (4 events):
Event: 0.086 Executing VM operation: HandshakeAllThreads
Event: 0.086 Executing VM operation: HandshakeAllThreads done
Event: 0.155 Executing VM operation: HandshakeAllThreads
Event: 0.155 Executing VM operation: HandshakeAllThreads done

Events (20 events):
Event: 0.483 loading class jdk/internal/icu/text/NormalizerBase$NFDMode done
Event: 0.484 loading class jdk/internal/icu/text/NormalizerBase$NFKDMode
Event: 0.484 loading class jdk/internal/icu/text/NormalizerBase$NFKDMode done
Event: 0.484 loading class jdk/internal/icu/text/NormalizerBase$NFCMode
Event: 0.484 loading class jdk/internal/icu/text/NormalizerBase$NFCMode done
Event: 0.484 loading class jdk/internal/icu/text/NormalizerBase$NFKCMode
Event: 0.484 loading class jdk/internal/icu/text/NormalizerBase$NFKCMode done
Event: 0.484 loading class jdk/internal/icu/text/NormalizerBase$1
Event: 0.484 loading class jdk/internal/icu/text/NormalizerBase$1 done
Event: 0.484 loading class jdk/internal/icu/text/NormalizerBase$NFKDModeImpl
Event: 0.484 loading class jdk/internal/icu/text/NormalizerBase$NFKDModeImpl done
Event: 0.484 loading class jdk/internal/icu/text/NormalizerBase$ModeImpl
Event: 0.484 loading class jdk/internal/icu/text/NormalizerBase$ModeImpl done
Event: 0.484 loading class jdk/internal/icu/text/Normalizer2
Event: 0.484 loading class jdk/internal/icu/text/Normalizer2 done
Event: 0.484 loading class jdk/internal/icu/impl/Norm2AllModes
Event: 0.484 loading class jdk/internal/icu/impl/Norm2AllModes done
Event: 0.484 loading class jdk/internal/icu/impl/Norm2AllModes$NoopNormalizer2
Event: 0.484 loading class jdk/internal/icu/impl/Norm2AllModes$NoopNormalizer2 done
Event: 0.484 loading class jdk/internal/icu/impl/Norm2AllModes$NFKCSingleton


Dynamic libraries:
0x00007ff7516b0000 - 0x00007ff7516be000 	c:\Users\jatin\.vscode\extensions\redhat.java-1.13.0-win32-x64\jre\17.0.5-win32-x86_64\bin\java.exe
0x00007ffac5030000 - 0x00007ffac5244000 	C:\WINDOWS\SYSTEM32\ntdll.dll
0x00007ffac2f60000 - 0x00007ffac3022000 	C:\WINDOWS\System32\KERNEL32.DLL
0x00007ffac26e0000 - 0x00007ffac2a7d000 	C:\WINDOWS\System32\KERNELBASE.dll
0x00007ffa9c9f0000 - 0x00007ffa9ca07000 	c:\Users\jatin\.vscode\extensions\redhat.java-1.13.0-win32-x64\jre\17.0.5-win32-x86_64\bin\jli.dll
0x00007ffac2a80000 - 0x00007ffac2b91000 	C:\WINDOWS\System32\ucrtbase.dll
0x00007ffa927a0000 - 0x00007ffa927b9000 	c:\Users\jatin\.vscode\extensions\redhat.java-1.13.0-win32-x64\jre\17.0.5-win32-x86_64\bin\VCRUNTIME140.dll
0x00007ffac3970000 - 0x00007ffac3b1a000 	C:\WINDOWS\System32\USER32.dll
0x00007ffac2d80000 - 0x00007ffac2da6000 	C:\WINDOWS\System32\win32u.dll
0x00007ffac4b70000 - 0x00007ffac4b99000 	C:\WINDOWS\System32\GDI32.dll
0x00007ffaa24c0000 - 0x00007ffaa274e000 	C:\WINDOWS\WinSxS\amd64_microsoft.windows.common-controls_6595b64144ccf1df_6.0.22621.608_none_a9444ca7c10bb01d\COMCTL32.dll
0x00007ffac2460000 - 0x00007ffac2572000 	C:\WINDOWS\System32\gdi32full.dll
0x00007ffac4470000 - 0x00007ffac4517000 	C:\WINDOWS\System32\msvcrt.dll
0x00007ffac2580000 - 0x00007ffac261a000 	C:\WINDOWS\System32\msvcp_win.dll
0x00007ffac4db0000 - 0x00007ffac4de2000 	C:\WINDOWS\System32\IMM32.DLL
0x00007ffaacf00000 - 0x00007ffaacf0c000 	c:\Users\jatin\.vscode\extensions\redhat.java-1.13.0-win32-x64\jre\17.0.5-win32-x86_64\bin\vcruntime140_1.dll
0x00007ffa84210000 - 0x00007ffa842a1000 	c:\Users\jatin\.vscode\extensions\redhat.java-1.13.0-win32-x64\jre\17.0.5-win32-x86_64\bin\msvcp140.dll
0x00007ffa5e3e0000 - 0x00007ffa5f024000 	c:\Users\jatin\.vscode\extensions\redhat.java-1.13.0-win32-x64\jre\17.0.5-win32-x86_64\bin\server\jvm.dll
0x00007ffac2e30000 - 0x00007ffac2ede000 	C:\WINDOWS\System32\ADVAPI32.dll
0x00007ffac3b20000 - 0x00007ffac3bc4000 	C:\WINDOWS\System32\sechost.dll
0x00007ffac3130000 - 0x00007ffac3245000 	C:\WINDOWS\System32\RPCRT4.dll
0x00007ffabf770000 - 0x00007ffabf779000 	C:\WINDOWS\SYSTEM32\WSOCK32.dll
0x00007ffabbf00000 - 0x00007ffabbf34000 	C:\WINDOWS\SYSTEM32\WINMM.dll
0x00007ffaba910000 - 0x00007ffaba91a000 	C:\WINDOWS\SYSTEM32\VERSION.dll
0x00007ffac2ee0000 - 0x00007ffac2f51000 	C:\WINDOWS\System32\WS2_32.dll
0x00007ffac1400000 - 0x00007ffac1418000 	C:\WINDOWS\SYSTEM32\kernel.appcore.dll
0x00007ffaabc70000 - 0x00007ffaabc7a000 	c:\Users\jatin\.vscode\extensions\redhat.java-1.13.0-win32-x64\jre\17.0.5-win32-x86_64\bin\jimage.dll
0x00007ffaaf7f0000 - 0x00007ffaafa1e000 	C:\WINDOWS\SYSTEM32\DBGHELP.DLL
0x00007ffac4520000 - 0x00007ffac48aa000 	C:\WINDOWS\System32\combase.dll
0x00007ffac4a90000 - 0x00007ffac4b67000 	C:\WINDOWS\System32\OLEAUT32.dll
0x00007ffaa5c40000 - 0x00007ffaa5c72000 	C:\WINDOWS\SYSTEM32\dbgcore.DLL
0x00007ffac2db0000 - 0x00007ffac2e2b000 	C:\WINDOWS\System32\bcryptPrimitives.dll
0x00007ffaaa950000 - 0x00007ffaaa95e000 	c:\Users\jatin\.vscode\extensions\redhat.java-1.13.0-win32-x64\jre\17.0.5-win32-x86_64\bin\instrument.dll
0x00007ffa92770000 - 0x00007ffa92795000 	c:\Users\jatin\.vscode\extensions\redhat.java-1.13.0-win32-x64\jre\17.0.5-win32-x86_64\bin\java.dll
0x00007ffa84f80000 - 0x00007ffa84f98000 	c:\Users\jatin\.vscode\extensions\redhat.java-1.13.0-win32-x64\jre\17.0.5-win32-x86_64\bin\zip.dll
0x00007ffac3c90000 - 0x00007ffac4470000 	C:\WINDOWS\System32\SHELL32.dll
0x00007ffac0450000 - 0x00007ffac0d15000 	C:\WINDOWS\SYSTEM32\windows.storage.dll
0x00007ffac0310000 - 0x00007ffac044e000 	C:\WINDOWS\SYSTEM32\wintypes.dll
0x00007ffac3030000 - 0x00007ffac3121000 	C:\WINDOWS\System32\SHCORE.dll
0x00007ffac4f90000 - 0x00007ffac4fee000 	C:\WINDOWS\System32\shlwapi.dll
0x00007ffac2390000 - 0x00007ffac23b1000 	C:\WINDOWS\SYSTEM32\profapi.dll
0x00007ffa84f60000 - 0x00007ffa84f79000 	C:\Users\jatin\.vscode\extensions\redhat.java-1.13.0-win32-x64\jre\17.0.5-win32-x86_64\bin\net.dll
0x00007ffabc460000 - 0x00007ffabc58f000 	C:\WINDOWS\SYSTEM32\WINHTTP.dll
0x00007ffac18f0000 - 0x00007ffac1959000 	C:\WINDOWS\system32\mswsock.dll
0x00007ffa84f40000 - 0x00007ffa84f55000 	C:\Users\jatin\.vscode\extensions\redhat.java-1.13.0-win32-x64\jre\17.0.5-win32-x86_64\bin\nio.dll
0x00007ffaaa5e0000 - 0x00007ffaaa5f0000 	c:\Users\jatin\.vscode\extensions\redhat.java-1.13.0-win32-x64\jre\17.0.5-win32-x86_64\bin\verify.dll

dbghelp: loaded successfully - version: 4.0.5 - missing functions: none
symbol engine: initialized successfully - sym options: 0x614 - pdb path: .;c:\Users\jatin\.vscode\extensions\redhat.java-1.13.0-win32-x64\jre\17.0.5-win32-x86_64\bin;C:\WINDOWS\SYSTEM32;C:\WINDOWS\WinSxS\amd64_microsoft.windows.common-controls_6595b64144ccf1df_6.0.22621.608_none_a9444ca7c10bb01d;c:\Users\jatin\.vscode\extensions\redhat.java-1.13.0-win32-x64\jre\17.0.5-win32-x86_64\bin\server

VM Arguments:
jvm_args: --add-modules=ALL-SYSTEM --add-opens=java.base/java.util=ALL-UNNAMED --add-opens=java.base/java.lang=ALL-UNNAMED --add-opens=java.base/sun.nio.fs=ALL-UNNAMED -Declipse.application=org.eclipse.jdt.ls.core.id1 -Dosgi.bundles.defaultStartLevel=4 -Declipse.product=org.eclipse.jdt.ls.core.product -Djava.import.generatesMetadataFilesAtProjectRoot=false -Dfile.encoding=utf8 -XX:+UseParallelGC -XX:GCTimeRatio=4 -XX:AdaptiveSizePolicyWeight=90 -Dsun.zip.disableMemoryMapping=true -Xmx1G -Xms100m -Xlog:disable -javaagent:c:\Users\jatin\.vscode\extensions\redhat.java-1.13.0-win32-x64\lombok\lombok-1.18.24.jar -XX:+HeapDumpOnOutOfMemoryError -XX:HeapDumpPath=c:\Users\jatin\AppData\Roaming\Code\User\workspaceStorage\e1b60b987696dbfe46b5eea4b0f5baca\redhat.java 
java_command: c:\Users\jatin\.vscode\extensions\redhat.java-1.13.0-win32-x64\server\plugins\org.eclipse.equinox.launcher_1.6.400.v20210924-0641.jar -configuration c:\Users\jatin\AppData\Roaming\Code\User\globalStorage\redhat.java\1.13.0\config_win -data c:\Users\jatin\AppData\Roaming\Code\User\workspaceStorage\e1b60b987696dbfe46b5eea4b0f5baca\redhat.java\jdt_ws
java_class_path (initial): c:\Users\jatin\.vscode\extensions\redhat.java-1.13.0-win32-x64\server\plugins\org.eclipse.equinox.launcher_1.6.400.v20210924-0641.jar
Launcher Type: SUN_STANDARD

[Global flags]
    uintx AdaptiveSizePolicyWeight                 = 90                                        {product} {command line}
     intx CICompilerCount                          = 4                                         {product} {ergonomic}
    uintx GCTimeRatio                              = 4                                         {product} {command line}
     bool HeapDumpOnOutOfMemoryError               = true                                   {manageable} {command line}
    ccstr HeapDumpPath                             = c:\Users\jatin\AppData\Roaming\Code\User\workspaceStorage\e1b60b987696dbfe46b5eea4b0f5baca\redhat.java         {manageable} {command line}
   size_t InitialHeapSize                          = 104857600                                 {product} {command line}
   size_t MaxHeapSize                              = 1073741824                                {product} {command line}
   size_t MaxNewSize                               = 357564416                                 {product} {ergonomic}
   size_t MinHeapDeltaBytes                        = 524288                                    {product} {ergonomic}
   size_t MinHeapSize                              = 104857600                                 {product} {command line}
   size_t NewSize                                  = 34603008                                  {product} {ergonomic}
    uintx NonNMethodCodeHeapSize                   = 5839372                                {pd product} {ergonomic}
    uintx NonProfiledCodeHeapSize                  = 122909434                              {pd product} {ergonomic}
   size_t OldSize                                  = 70254592                                  {product} {ergonomic}
    uintx ProfiledCodeHeapSize                     = 122909434                              {pd product} {ergonomic}
    uintx ReservedCodeCacheSize                    = 251658240                              {pd product} {ergonomic}
     bool SegmentedCodeCache                       = true                                      {product} {ergonomic}
   size_t SoftMaxHeapSize                          = 1073741824                             {manageable} {ergonomic}
     bool UseCompressedClassPointers               = true                           {product lp64_product} {ergonomic}
     bool UseCompressedOops                        = true                           {product lp64_product} {ergonomic}
     bool UseLargePagesIndividualAllocation        = false                                  {pd product} {ergonomic}
     bool UseParallelGC                            = true                                      {product} {command line}

Logging:
Log output configuration:
 #0: stdout all=off uptime,level,tags
 #1: stderr all=off uptime,level,tags

Environment Variables:
JAVA_HOME=C:\Program Files\Amazon Corretto\jdk18.0.2_9
PATH=C:\Python311\Scripts\;C:\Python311\;C:\Program Files\Amazon Corretto\jdk18.0.2_9\bin;C:\windows\system32;C:\windows;C:\windows\System32\Wbem;C:\windows\System32\WindowsPowerShell\v1.0\;C:\windows\System32\OpenSSH\;C:\Program Files (x86)\NVIDIA Corporation\PhysX\Common;C:\Program Files\NVIDIA Corporation\NVIDIA NvDLISR;C:\Program Files\Git\cmd;C:\Program Files\dotnet\;C:\WINDOWS\system32;C:\WINDOWS;C:\WINDOWS\System32\Wbem;C:\WINDOWS\System32\WindowsPowerShell\v1.0\;C:\WINDOWS\System32\OpenSSH\;C:\Program Files\nodejs\;C:\ProgramData\chocolatey\bin;C:\Program Files\MongoDB\Server\6.0\bin;C:\Program Files\mongosh\bin;;C:\Program Files\Docker\Docker\resources\bin;C:\Program Files\MySQL\MySQL Shell 8.0\bin\;C:\Users\jatin\AppData\Local\Microsoft\WindowsApps;;C:\Users\jatin\AppData\Local\Programs\Microsoft VS Code\bin;C:\Program Files\JetBrains\IntelliJ IDEA Community Edition 2022.2.2\bin;;C:\Users\jatin\AppData\Roaming\npm
USERNAME=jatin
OS=Windows_NT
PROCESSOR_IDENTIFIER=AMD64 Family 25 Model 80 Stepping 0, AuthenticAMD
TMP=C:\Users\jatin\AppData\Local\Temp
TEMP=C:\Users\jatin\AppData\Local\Temp



---------------  S Y S T E M  ---------------

OS:
 Windows 11 , 64 bit Build 22621 (10.0.22621.755)
OS uptime: 0 days 0:19 hours
Hyper-V role detected

CPU: total 12 (initial active 12) (12 cores per cpu, 2 threads per core) family 25 model 80 stepping 0 microcode 0x0, cx8, cmov, fxsr, ht, mmx, 3dnowpref, sse, sse2, sse3, ssse3, sse4a, sse4.1, sse4.2, popcnt, lzcnt, tsc, tscinvbit, avx, avx2, aes, erms, clmul, bmi1, bmi2, adx, sha, fma, vzeroupper, clflush, clflushopt, hv

Memory: 4k page, system-wide physical 7523M (1995M free)
TotalPageFile size 9635M (AvailPageFile size 3M)
current process WorkingSet (physical memory assigned to process): 54M, peak: 54M
current process commit charge ("private bytes"): 201M, peak: 202M

vm_info: OpenJDK 64-Bit Server VM (17.0.5+8) for windows-amd64 JRE (17.0.5+8), built on Oct 19 2022 04:48:13 by "temurin" with MS VC++ 16.7 (VS2019)

END.
