#
# There is insufficient memory for the Java Runtime Environment to continue.
# Native memory allocation (malloc) failed to allocate 32744 bytes for ChunkPool::allocate
# Possible reasons:
#   The system is out of physical RAM or swap space
#   The process is running with CompressedOops enabled, and the Java Heap may be blocking the growth of the native heap
# Possible solutions:
#   Reduce memory load on the system
#   Increase physical memory or swap space
#   Check if swap backing store is full
#   Decrease Java heap size (-Xmx/-Xms)
#   Decrease number of Java threads
#   Decrease Java thread stack sizes (-Xss)
#   Set larger code cache with -XX:ReservedCodeCacheSize=
#   JVM is running with Unscaled Compressed Oops mode in which the Java heap is
#     placed in the first 4GB address space. The Java Heap base address is the
#     maximum limit for the native heap growth. Please use -XX:HeapBaseMinAddress
#     to set the Java Heap base and to place the Java Heap above 4GB virtual address.
# This output file may be truncated or incomplete.
#
#  Out of Memory Error (arena.cpp:78), pid=11036, tid=14068
#
# JRE version: OpenJDK Runtime Environment Temurin-17.0.5+8 (17.0.5+8) (build 17.0.5+8)
# Java VM: OpenJDK 64-Bit Server VM Temurin-17.0.5+8 (17.0.5+8, mixed mode, tiered, compressed oops, compressed class ptrs, parallel gc, windows-amd64)
# No core dump will be written. Minidumps are not enabled by default on client versions of Windows
#

---------------  S U M M A R Y ------------

Command Line: --add-modules=ALL-SYSTEM --add-opens=java.base/java.util=ALL-UNNAMED --add-opens=java.base/java.lang=ALL-UNNAMED --add-opens=java.base/sun.nio.fs=ALL-UNNAMED -Declipse.application=org.eclipse.jdt.ls.core.id1 -Dosgi.bundles.defaultStartLevel=4 -Declipse.product=org.eclipse.jdt.ls.core.product -Djava.import.generatesMetadataFilesAtProjectRoot=false -Dfile.encoding=utf8 -XX:+UseParallelGC -XX:GCTimeRatio=4 -XX:AdaptiveSizePolicyWeight=90 -Dsun.zip.disableMemoryMapping=true -Xmx1G -Xms100m -Xlog:disable -javaagent:c:\Users\jatin\.vscode\extensions\redhat.java-1.13.0-win32-x64\lombok\lombok-1.18.24.jar c:\Users\jatin\.vscode\extensions\redhat.java-1.13.0-win32-x64\server\plugins\org.eclipse.equinox.launcher_1.6.400.v20210924-0641.jar -configuration c:\Users\jatin\AppData\Roaming\Code\User\globalStorage\redhat.java\1.13.0\config_ss_win -data c:\Users\jatin\AppData\Roaming\Code\User\workspaceStorage\e1b60b987696dbfe46b5eea4b0f5baca\redhat.java\ss_ws

Host: AMD Ryzen 5 5600H with Radeon Graphics         , 12 cores, 7G,  Windows 11 , 64 bit Build 22621 (10.0.22621.755)
Time: Tue Jan 17 01:05:56 2023 India Standard Time elapsed time: 0.544498 seconds (0d 0h 0m 0s)

---------------  T H R E A D  ---------------

Current thread (0x00000245233aa120):  JavaThread "C2 CompilerThread0" daemon [_thread_in_native, id=14068, stack(0x0000007e2ba00000,0x0000007e2bb00000)]


Current CompileTask:
C2:    544  634       4       lombok.patcher.PatchScript::classMatches (41 bytes)

Stack: [0x0000007e2ba00000,0x0000007e2bb00000]
Native frames: (J=compiled Java code, j=interpreted, Vv=VM code, C=native code)
V  [jvm.dll+0x676b3a]
V  [jvm.dll+0x831444]
V  [jvm.dll+0x832bee]
V  [jvm.dll+0x833253]
V  [jvm.dll+0x244ce5]
V  [jvm.dll+0xabdcc]
V  [jvm.dll+0xac17c]
V  [jvm.dll+0xabcbb]
V  [jvm.dll+0x6ccb9c]
V  [jvm.dll+0x586d5f]
V  [jvm.dll+0x589a51]
V  [jvm.dll+0x5732c9]
V  [jvm.dll+0x576883]
V  [jvm.dll+0x575fdd]
V  [jvm.dll+0x57ddcd]
V  [jvm.dll+0x21fd72]
V  [jvm.dll+0x219744]
V  [jvm.dll+0x216e6b]
V  [jvm.dll+0x1a343d]
V  [jvm.dll+0x22698a]
V  [jvm.dll+0x224ac5]
V  [jvm.dll+0x7e727b]
V  [jvm.dll+0x7e17ea]
V  [jvm.dll+0x6759e5]
C  [ucrtbase.dll+0x29363]
C  [KERNEL32.DLL+0x1244d]
C  [ntdll.dll+0x5dfb8]


---------------  P R O C E S S  ---------------

Threads class SMR info:
_java_thread_list=0x00000245249902d0, length=14, elements={
0x000002450da297e0, 0x0000024521897450, 0x0000024523365130, 0x00000245233962d0,
0x00000245233969a0, 0x0000024523397460, 0x0000024523397f20, 0x00000245233aa120,
0x00000245233aaad0, 0x00000245233ab3d0, 0x00000245233be0f0, 0x000002452356bf60,
0x000002452365cc80, 0x00000245249e05a0
}

Java Threads: ( => current thread )
  0x000002450da297e0 JavaThread "main" [_thread_in_vm, id=16620, stack(0x0000007e2b100000,0x0000007e2b200000)]
  0x0000024521897450 JavaThread "Reference Handler" daemon [_thread_blocked, id=8804, stack(0x0000007e2b400000,0x0000007e2b500000)]
  0x0000024523365130 JavaThread "Finalizer" daemon [_thread_blocked, id=16084, stack(0x0000007e2b500000,0x0000007e2b600000)]
  0x00000245233962d0 JavaThread "Signal Dispatcher" daemon [_thread_blocked, id=17028, stack(0x0000007e2b600000,0x0000007e2b700000)]
  0x00000245233969a0 JavaThread "Attach Listener" daemon [_thread_blocked, id=4904, stack(0x0000007e2b700000,0x0000007e2b800000)]
  0x0000024523397460 JavaThread "Service Thread" daemon [_thread_blocked, id=11688, stack(0x0000007e2b800000,0x0000007e2b900000)]
  0x0000024523397f20 JavaThread "Monitor Deflation Thread" daemon [_thread_blocked, id=4604, stack(0x0000007e2b900000,0x0000007e2ba00000)]
=>0x00000245233aa120 JavaThread "C2 CompilerThread0" daemon [_thread_in_native, id=14068, stack(0x0000007e2ba00000,0x0000007e2bb00000)]
  0x00000245233aaad0 JavaThread "C1 CompilerThread0" daemon [_thread_in_native, id=14624, stack(0x0000007e2bb00000,0x0000007e2bc00000)]
  0x00000245233ab3d0 JavaThread "Sweeper thread" daemon [_thread_blocked, id=10192, stack(0x0000007e2bc00000,0x0000007e2bd00000)]
  0x00000245233be0f0 JavaThread "Common-Cleaner" daemon [_thread_blocked, id=2612, stack(0x0000007e2bd00000,0x0000007e2be00000)]
  0x000002452356bf60 JavaThread "C2 CompilerThread1" daemon [_thread_in_native, id=4928, stack(0x0000007e2be00000,0x0000007e2bf00000)]
  0x000002452365cc80 JavaThread "Notification Thread" daemon [_thread_blocked, id=9876, stack(0x0000007e2bf00000,0x0000007e2c000000)]
  0x00000245249e05a0 JavaThread "C2 CompilerThread2" daemon [_thread_in_native, id=4312, stack(0x0000007e2c100000,0x0000007e2c200000)]

Other Threads:
  0x000002450dadecf0 VMThread "VM Thread" [stack: 0x0000007e2b300000,0x0000007e2b400000] [id=3720]
  0x0000024524920af0 WatcherThread [stack: 0x0000007e2c000000,0x0000007e2c100000] [id=12344]
  0x000002450da3dfe0 GCTaskThread "GC Thread#0" [stack: 0x0000007e2b200000,0x0000007e2b300000] [id=14480]

Threads with active compile tasks:
C2 CompilerThread0      568  634       4       lombok.patcher.PatchScript::classMatches (41 bytes)
C1 CompilerThread0      568  641       3       sun.security.provider.ByteArrayAccess::b2iBig64 (231 bytes)
C2 CompilerThread1      568  644       4       java.lang.invoke.VarHandleGuards::guard_LI_I (78 bytes)
C2 CompilerThread2      568  633       4       lombok.patcher.scripts.MethodLevelPatchScript::patch (21 bytes)

VM state: not at safepoint (normal execution)

VM Mutex/Monitor currently owned by a thread: None

Heap address: 0x00000000c0000000, size: 1024 MB, Compressed Oops mode: 32-bit

CDS archive(s) not mapped
Compressed class space mapped at: 0x0000000100000000-0x0000000140000000, reserved size: 1073741824
Narrow klass base: 0x0000000000000000, Narrow klass shift: 3, Narrow klass range: 0x140000000

GC Precious Log:
 CPUs: 12 total, 12 available
 Memory: 7523M
 Large Page Support: Disabled
 NUMA Support: Disabled
 Compressed Oops: Enabled (32-bit)
 Alignments: Space 512K, Generation 512K, Heap 2M
 Heap Min Capacity: 100M
 Heap Initial Capacity: 100M
 Heap Max Capacity: 1G
 Pre-touch: Disabled
 Parallel Workers: 10

Heap:
 PSYoungGen      total 29696K, used 14091K [0x00000000eab00000, 0x00000000ecc00000, 0x0000000100000000)
  eden space 25600K, 55% used [0x00000000eab00000,0x00000000eb8c2c28,0x00000000ec400000)
  from space 4096K, 0% used [0x00000000ec800000,0x00000000ec800000,0x00000000ecc00000)
  to   space 4096K, 0% used [0x00000000ec400000,0x00000000ec400000,0x00000000ec800000)
 ParOldGen       total 68608K, used 0K [0x00000000c0000000, 0x00000000c4300000, 0x00000000eab00000)
  object space 68608K, 0% used [0x00000000c0000000,0x00000000c0000000,0x00000000c4300000)
 Metaspace       used 9115K, committed 9216K, reserved 1064960K
  class space    used 903K, committed 960K, reserved 1048576K

Card table byte_map: [0x000002450d3c0000,0x000002450d5d0000] _byte_map_base: 0x000002450cdc0000

Marking Bits: (ParMarkBitMap*) 0x00007ffa5ef60dd0
 Begin Bits: [0x000002451f6a0000, 0x00000245206a0000)
 End Bits:   [0x00000245206a0000, 0x00000245216a0000)

Polling page: 0x000002450b9f0000

Metaspace:

Usage:
  Non-class:      8.02 MB used.
      Class:    903.27 KB used.
       Both:      8.90 MB used.

Virtual space:
  Non-class space:       16.00 MB reserved,       8.06 MB ( 50%) committed,  2 nodes.
      Class space:        1.00 GB reserved,     960.00 KB ( <1%) committed,  1 nodes.
             Both:        1.02 GB reserved,       9.00 MB ( <1%) committed. 

Chunk freelists:
   Non-Class:  3.94 MB
       Class:  3.09 MB
        Both:  7.03 MB

MaxMetaspaceSize: unlimited
CompressedClassSpaceSize: 1.00 GB
Initial GC threshold: 21.00 MB
Current GC threshold: 21.00 MB
CDS: off
MetaspaceReclaimPolicy: balanced
 - commit_granule_bytes: 65536.
 - commit_granule_words: 8192.
 - virtual_space_node_default_size: 1048576.
 - enlarge_chunks_in_place: 1.
 - new_chunks_are_fully_committed: 0.
 - uncommit_free_chunks: 1.
 - use_allocation_guard: 0.
 - handle_deallocations: 1.


Internal statistics:

num_allocs_failed_limit: 0.
num_arena_births: 12.
num_arena_deaths: 0.
num_vsnodes_births: 3.
num_vsnodes_deaths: 0.
num_space_committed: 144.
num_space_uncommitted: 0.
num_chunks_returned_to_freelist: 0.
num_chunks_taken_from_freelist: 45.
num_chunk_merges: 0.
num_chunk_splits: 23.
num_chunks_enlarged: 18.
num_purges: 0.
num_inconsistent_stats: 0.

CodeHeap 'non-profiled nmethods': size=120000Kb used=208Kb max_used=208Kb free=119791Kb
 bounds [0x0000024518170000, 0x00000245183e0000, 0x000002451f6a0000]
CodeHeap 'profiled nmethods': size=120000Kb used=956Kb max_used=956Kb free=119043Kb
 bounds [0x0000024510c40000, 0x0000024510eb0000, 0x0000024518170000]
CodeHeap 'non-nmethods': size=5760Kb used=1130Kb max_used=1146Kb free=4629Kb
 bounds [0x00000245106a0000, 0x0000024510910000, 0x0000024510c40000]
 total_blobs=1055 nmethods=636 adapters=334
 compilation: enabled
              stopped_count=0, restarted_count=0
 full_count=0

Compilation events (20 events):
Event: 0.515 Thread 0x00000245233aaad0  631       3       java.io.OutputStream::<init> (5 bytes)
Event: 0.515 Thread 0x00000245233aaad0 nmethod 631 0x0000024510d2d410 code [0x0000024510d2d5a0, 0x0000024510d2d6f8]
Event: 0.516 Thread 0x000002452356bf60  632       4       java.util.HashMap::get (19 bytes)
Event: 0.519 Thread 0x00000245249e05a0  633       4       lombok.patcher.scripts.MethodLevelPatchScript::patch (21 bytes)
Event: 0.521 Thread 0x000002452356bf60 nmethod 632 0x00000245181a2f90 code [0x00000245181a3160, 0x00000245181a3678]
Event: 0.532 Thread 0x00000245233aa120  634       4       lombok.patcher.PatchScript::classMatches (41 bytes)
Event: 0.533 Thread 0x000002452356bf60  635       4       java.lang.CharacterDataLatin1::toLowerCase (39 bytes)
Event: 0.534 Thread 0x00000245233aaad0  636       3       java.util.concurrent.ConcurrentHashMap$Node::<init> (14 bytes)
Event: 0.534 Thread 0x000002452356bf60 nmethod 635 0x00000245181a3a10 code [0x00000245181a3b80, 0x00000245181a3c78]
Event: 0.534 Thread 0x00000245233aaad0 nmethod 636 0x0000024510d2d790 code [0x0000024510d2d940, 0x0000024510d2db58]
Event: 0.534 Thread 0x00000245233aaad0  637       3       java.security.Provider$ServiceKey::<init> (39 bytes)
Event: 0.535 Thread 0x00000245233aaad0 nmethod 637 0x0000024510d2dc90 code [0x0000024510d2de80, 0x0000024510d2e2c8]
Event: 0.535 Thread 0x00000245233aaad0  638       1       java.security.Provider$UString::toString (5 bytes)
Event: 0.535 Thread 0x00000245233aaad0 nmethod 638 0x00000245181a3d90 code [0x00000245181a3f20, 0x00000245181a3ff8]
Event: 0.535 Thread 0x00000245233aaad0  639       1       java.security.Provider$Service::getProvider (5 bytes)
Event: 0.536 Thread 0x00000245233aaad0 nmethod 639 0x00000245181a4090 code [0x00000245181a4220, 0x00000245181a42f8]
Event: 0.537 Thread 0x00000245233aaad0  640       3       sun.security.provider.SHA2::implCompress0 (490 bytes)
Event: 0.537 Thread 0x00000245233aaad0 nmethod 640 0x0000024510d2e490 code [0x0000024510d2e680, 0x0000024510d2eee8]
Event: 0.538 Thread 0x00000245233aaad0  641       3       sun.security.provider.ByteArrayAccess::b2iBig64 (231 bytes)
Event: 0.541 Thread 0x000002452356bf60  644       4       java.lang.invoke.VarHandleGuards::guard_LI_I (78 bytes)

GC Heap History (0 events):
No events

Dll operation events (8 events):
Event: 0.016 Loaded shared library c:\Users\jatin\.vscode\extensions\redhat.java-1.13.0-win32-x64\jre\17.0.5-win32-x86_64\bin\java.dll
Event: 0.113 Loaded shared library c:\Users\jatin\.vscode\extensions\redhat.java-1.13.0-win32-x64\jre\17.0.5-win32-x86_64\bin\zip.dll
Event: 0.114 Loaded shared library C:\Users\jatin\.vscode\extensions\redhat.java-1.13.0-win32-x64\jre\17.0.5-win32-x86_64\bin\instrument.dll
Event: 0.123 Loaded shared library C:\Users\jatin\.vscode\extensions\redhat.java-1.13.0-win32-x64\jre\17.0.5-win32-x86_64\bin\net.dll
Event: 0.125 Loaded shared library C:\Users\jatin\.vscode\extensions\redhat.java-1.13.0-win32-x64\jre\17.0.5-win32-x86_64\bin\nio.dll
Event: 0.129 Loaded shared library C:\Users\jatin\.vscode\extensions\redhat.java-1.13.0-win32-x64\jre\17.0.5-win32-x86_64\bin\zip.dll
Event: 0.138 Loaded shared library C:\Users\jatin\.vscode\extensions\redhat.java-1.13.0-win32-x64\jre\17.0.5-win32-x86_64\bin\jimage.dll
Event: 0.174 Loaded shared library c:\Users\jatin\.vscode\extensions\redhat.java-1.13.0-win32-x64\jre\17.0.5-win32-x86_64\bin\verify.dll

Deoptimization events (20 events):
Event: 0.321 Thread 0x000002450da297e0 Uncommon trap: trap_request=0xffffffde fr.pc=0x000002451818f7a4 relative=0x0000000000000104
Event: 0.321 Thread 0x000002450da297e0 Uncommon trap: reason=class_check action=maybe_recompile pc=0x000002451818f7a4 method=jdk.internal.misc.Unsafe.allocateUninitializedArray(Ljava/lang/Class;I)Ljava/lang/Object; @ 51 c2
Event: 0.321 Thread 0x000002450da297e0 DEOPT PACKING pc=0x000002451818f7a4 sp=0x0000007e2b1fc0d0
Event: 0.321 Thread 0x000002450da297e0 DEOPT UNPACKING pc=0x00000245106f20a3 sp=0x0000007e2b1fc058 mode 2
Event: 0.321 Thread 0x000002450da297e0 Uncommon trap: trap_request=0xffffffde fr.pc=0x000002451818f7a4 relative=0x0000000000000104
Event: 0.321 Thread 0x000002450da297e0 Uncommon trap: reason=class_check action=maybe_recompile pc=0x000002451818f7a4 method=jdk.internal.misc.Unsafe.allocateUninitializedArray(Ljava/lang/Class;I)Ljava/lang/Object; @ 51 c2
Event: 0.321 Thread 0x000002450da297e0 DEOPT PACKING pc=0x000002451818f7a4 sp=0x0000007e2b1fc110
Event: 0.321 Thread 0x000002450da297e0 DEOPT UNPACKING pc=0x00000245106f20a3 sp=0x0000007e2b1fc098 mode 2
Event: 0.346 Thread 0x000002450da297e0 Uncommon trap: trap_request=0xffffff45 fr.pc=0x0000024518183a40 relative=0x00000000000000c0
Event: 0.346 Thread 0x000002450da297e0 Uncommon trap: reason=unstable_if action=reinterpret pc=0x0000024518183a40 method=java.net.URI.match(CJJ)Z @ 45 c2
Event: 0.346 Thread 0x000002450da297e0 DEOPT PACKING pc=0x0000024518183a40 sp=0x0000007e2b1fcdb0
Event: 0.346 Thread 0x000002450da297e0 DEOPT UNPACKING pc=0x00000245106f20a3 sp=0x0000007e2b1fcd38 mode 2
Event: 0.356 Thread 0x000002450da297e0 Uncommon trap: trap_request=0xffffff45 fr.pc=0x000002451819316c relative=0x000000000000060c
Event: 0.356 Thread 0x000002450da297e0 Uncommon trap: reason=unstable_if action=reinterpret pc=0x000002451819316c method=java.lang.String.replace(Ljava/lang/CharSequence;Ljava/lang/CharSequence;)Ljava/lang/String; @ 48 c2
Event: 0.356 Thread 0x000002450da297e0 DEOPT PACKING pc=0x000002451819316c sp=0x0000007e2b1fcd30
Event: 0.356 Thread 0x000002450da297e0 DEOPT UNPACKING pc=0x00000245106f20a3 sp=0x0000007e2b1fccb0 mode 2
Event: 0.407 Thread 0x000002450da297e0 Uncommon trap: trap_request=0xffffffde fr.pc=0x000002451819410c relative=0x00000000000001ec
Event: 0.407 Thread 0x000002450da297e0 Uncommon trap: reason=class_check action=maybe_recompile pc=0x000002451819410c method=java.util.Collections$UnmodifiableCollection$1.next()Ljava/lang/Object; @ 4 c2
Event: 0.407 Thread 0x000002450da297e0 DEOPT PACKING pc=0x000002451819410c sp=0x0000007e2b1fc8f0
Event: 0.407 Thread 0x000002450da297e0 DEOPT UNPACKING pc=0x00000245106f20a3 sp=0x0000007e2b1fc8a0 mode 2

Classes unloaded (0 events):
No events

Classes redefined (0 events):
No events

Internal exceptions (2 events):
Event: 0.097 Thread 0x000002450da297e0 Exception <a 'java/lang/NoSuchMethodError'{0x00000000eacb24e8}: 'void java.lang.invoke.DirectMethodHandle$Holder.invokeStatic(java.lang.Object, java.lang.Object, java.lang.Object)'> (0x00000000eacb24e8) 
thrown [s\src\hotspot\share\interpreter\linkResolver.cpp, line 759]
Event: 0.187 Thread 0x000002450da297e0 Exception <a 'java/lang/reflect/InvocationTargetException'{0x00000000eaf79488}> (0x00000000eaf79488) 
thrown [s\src\hotspot\share\runtime\reflection.cpp, line 1121]

VM Operations (4 events):
Event: 0.100 Executing VM operation: HandshakeAllThreads
Event: 0.101 Executing VM operation: HandshakeAllThreads done
Event: 0.517 Executing VM operation: HandshakeAllThreads
Event: 0.517 Executing VM operation: HandshakeAllThreads done

Events (20 events):
Event: 0.516 loading class sun/security/util/KeyUtil
Event: 0.516 loading class sun/security/util/KeyUtil done
Event: 0.516 loading class sun/security/util/Length
Event: 0.516 loading class sun/security/util/Length done
Event: 0.516 loading class javax/crypto/SecretKey
Event: 0.517 loading class javax/crypto/SecretKey done
Event: 0.517 loading class java/util/LinkedHashMap$LinkedEntrySet
Event: 0.517 loading class java/util/LinkedHashMap$LinkedEntrySet done
Event: 0.517 loading class java/util/LinkedHashMap$LinkedEntryIterator
Event: 0.517 loading class java/util/LinkedHashMap$LinkedEntryIterator done
Event: 0.519 loading class java/util/Base64
Event: 0.531 loading class java/util/Base64 done
Event: 0.531 loading class java/util/Base64$Decoder
Event: 0.531 loading class java/util/Base64$Decoder done
Event: 0.531 loading class java/util/Base64$Encoder
Event: 0.531 loading class java/util/Base64$Encoder done
Event: 0.532 loading class java/util/jar/JarVerifier$VerifierStream
Event: 0.532 loading class java/util/jar/JarVerifier$VerifierStream done
Event: 0.532 loading class sun/security/util/ManifestEntryVerifier$SunProviderHolder
Event: 0.533 loading class sun/security/util/ManifestEntryVerifier$SunProviderHolder done


Dynamic libraries:
0x00007ff7516b0000 - 0x00007ff7516be000 	c:\Users\jatin\.vscode\extensions\redhat.java-1.13.0-win32-x64\jre\17.0.5-win32-x86_64\bin\java.exe
0x00007ffac5030000 - 0x00007ffac5244000 	C:\WINDOWS\SYSTEM32\ntdll.dll
0x00007ffac2f60000 - 0x00007ffac3022000 	C:\WINDOWS\System32\KERNEL32.DLL
0x00007ffac26e0000 - 0x00007ffac2a7d000 	C:\WINDOWS\System32\KERNELBASE.dll
0x00007ffac2a80000 - 0x00007ffac2b91000 	C:\WINDOWS\System32\ucrtbase.dll
0x00007ffa927a0000 - 0x00007ffa927b9000 	c:\Users\jatin\.vscode\extensions\redhat.java-1.13.0-win32-x64\jre\17.0.5-win32-x86_64\bin\VCRUNTIME140.dll
0x00007ffa9c9f0000 - 0x00007ffa9ca07000 	c:\Users\jatin\.vscode\extensions\redhat.java-1.13.0-win32-x64\jre\17.0.5-win32-x86_64\bin\jli.dll
0x00007ffac3970000 - 0x00007ffac3b1a000 	C:\WINDOWS\System32\USER32.dll
0x00007ffaa24c0000 - 0x00007ffaa274e000 	C:\WINDOWS\WinSxS\amd64_microsoft.windows.common-controls_6595b64144ccf1df_6.0.22621.608_none_a9444ca7c10bb01d\COMCTL32.dll
0x00007ffac2d80000 - 0x00007ffac2da6000 	C:\WINDOWS\System32\win32u.dll
0x00007ffac4470000 - 0x00007ffac4517000 	C:\WINDOWS\System32\msvcrt.dll
0x00007ffac4b70000 - 0x00007ffac4b99000 	C:\WINDOWS\System32\GDI32.dll
0x00007ffac2460000 - 0x00007ffac2572000 	C:\WINDOWS\System32\gdi32full.dll
0x00007ffac2580000 - 0x00007ffac261a000 	C:\WINDOWS\System32\msvcp_win.dll
0x00007ffac4db0000 - 0x00007ffac4de2000 	C:\WINDOWS\System32\IMM32.DLL
0x00007ffaacf00000 - 0x00007ffaacf0c000 	c:\Users\jatin\.vscode\extensions\redhat.java-1.13.0-win32-x64\jre\17.0.5-win32-x86_64\bin\vcruntime140_1.dll
0x00007ffa84210000 - 0x00007ffa842a1000 	c:\Users\jatin\.vscode\extensions\redhat.java-1.13.0-win32-x64\jre\17.0.5-win32-x86_64\bin\msvcp140.dll
0x00007ffa5e3e0000 - 0x00007ffa5f024000 	c:\Users\jatin\.vscode\extensions\redhat.java-1.13.0-win32-x64\jre\17.0.5-win32-x86_64\bin\server\jvm.dll
0x00007ffac2e30000 - 0x00007ffac2ede000 	C:\WINDOWS\System32\ADVAPI32.dll
0x00007ffac3b20000 - 0x00007ffac3bc4000 	C:\WINDOWS\System32\sechost.dll
0x00007ffac3130000 - 0x00007ffac3245000 	C:\WINDOWS\System32\RPCRT4.dll
0x00007ffabbf00000 - 0x00007ffabbf34000 	C:\WINDOWS\SYSTEM32\WINMM.dll
0x00007ffabf770000 - 0x00007ffabf779000 	C:\WINDOWS\SYSTEM32\WSOCK32.dll
0x00007ffaba910000 - 0x00007ffaba91a000 	C:\WINDOWS\SYSTEM32\VERSION.dll
0x00007ffac2ee0000 - 0x00007ffac2f51000 	C:\WINDOWS\System32\WS2_32.dll
0x00007ffac1400000 - 0x00007ffac1418000 	C:\WINDOWS\SYSTEM32\kernel.appcore.dll
0x00007ffaabc70000 - 0x00007ffaabc7a000 	c:\Users\jatin\.vscode\extensions\redhat.java-1.13.0-win32-x64\jre\17.0.5-win32-x86_64\bin\jimage.dll
0x00007ffaaf7f0000 - 0x00007ffaafa1e000 	C:\WINDOWS\SYSTEM32\DBGHELP.DLL
0x00007ffac4520000 - 0x00007ffac48aa000 	C:\WINDOWS\System32\combase.dll
0x00007ffac4a90000 - 0x00007ffac4b67000 	C:\WINDOWS\System32\OLEAUT32.dll
0x00007ffaa5c40000 - 0x00007ffaa5c72000 	C:\WINDOWS\SYSTEM32\dbgcore.DLL
0x00007ffac2db0000 - 0x00007ffac2e2b000 	C:\WINDOWS\System32\bcryptPrimitives.dll
0x00007ffaaa950000 - 0x00007ffaaa95e000 	c:\Users\jatin\.vscode\extensions\redhat.java-1.13.0-win32-x64\jre\17.0.5-win32-x86_64\bin\instrument.dll
0x00007ffa92770000 - 0x00007ffa92795000 	c:\Users\jatin\.vscode\extensions\redhat.java-1.13.0-win32-x64\jre\17.0.5-win32-x86_64\bin\java.dll
0x00007ffa84f80000 - 0x00007ffa84f98000 	c:\Users\jatin\.vscode\extensions\redhat.java-1.13.0-win32-x64\jre\17.0.5-win32-x86_64\bin\zip.dll
0x00007ffac3c90000 - 0x00007ffac4470000 	C:\WINDOWS\System32\SHELL32.dll
0x00007ffac0450000 - 0x00007ffac0d15000 	C:\WINDOWS\SYSTEM32\windows.storage.dll
0x00007ffac0310000 - 0x00007ffac044e000 	C:\WINDOWS\SYSTEM32\wintypes.dll
0x00007ffac3030000 - 0x00007ffac3121000 	C:\WINDOWS\System32\SHCORE.dll
0x00007ffac4f90000 - 0x00007ffac4fee000 	C:\WINDOWS\System32\shlwapi.dll
0x00007ffac2390000 - 0x00007ffac23b1000 	C:\WINDOWS\SYSTEM32\profapi.dll
0x00007ffa84f60000 - 0x00007ffa84f79000 	C:\Users\jatin\.vscode\extensions\redhat.java-1.13.0-win32-x64\jre\17.0.5-win32-x86_64\bin\net.dll
0x00007ffabc460000 - 0x00007ffabc58f000 	C:\WINDOWS\SYSTEM32\WINHTTP.dll
0x00007ffac18f0000 - 0x00007ffac1959000 	C:\WINDOWS\system32\mswsock.dll
0x00007ffa84f40000 - 0x00007ffa84f55000 	C:\Users\jatin\.vscode\extensions\redhat.java-1.13.0-win32-x64\jre\17.0.5-win32-x86_64\bin\nio.dll
0x00007ffaaa5e0000 - 0x00007ffaaa5f0000 	c:\Users\jatin\.vscode\extensions\redhat.java-1.13.0-win32-x64\jre\17.0.5-win32-x86_64\bin\verify.dll

dbghelp: loaded successfully - version: 4.0.5 - missing functions: none
symbol engine: initialized successfully - sym options: 0x614 - pdb path: (cannot be retrieved)

VM Arguments:
jvm_args: --add-modules=ALL-SYSTEM --add-opens=java.base/java.util=ALL-UNNAMED --add-opens=java.base/java.lang=ALL-UNNAMED --add-opens=java.base/sun.nio.fs=ALL-UNNAMED -Declipse.application=org.eclipse.jdt.ls.core.id1 -Dosgi.bundles.defaultStartLevel=4 -Declipse.product=org.eclipse.jdt.ls.core.product -Djava.import.generatesMetadataFilesAtProjectRoot=false -Dfile.encoding=utf8 -XX:+UseParallelGC -XX:GCTimeRatio=4 -XX:AdaptiveSizePolicyWeight=90 -Dsun.zip.disableMemoryMapping=true -Xmx1G -Xms100m -Xlog:disable -javaagent:c:\Users\jatin\.vscode\extensions\redhat.java-1.13.0-win32-x64\lombok\lombok-1.18.24.jar 
java_command: c:\Users\jatin\.vscode\extensions\redhat.java-1.13.0-win32-x64\server\plugins\org.eclipse.equinox.launcher_1.6.400.v20210924-0641.jar -configuration c:\Users\jatin\AppData\Roaming\Code\User\globalStorage\redhat.java\1.13.0\config_ss_win -data c:\Users\jatin\AppData\Roaming\Code\User\workspaceStorage\e1b60b987696dbfe46b5eea4b0f5baca\redhat.java\ss_ws
java_class_path (initial): c:\Users\jatin\.vscode\extensions\redhat.java-1.13.0-win32-x64\server\plugins\org.eclipse.equinox.launcher_1.6.400.v20210924-0641.jar
Launcher Type: SUN_STANDARD

[Global flags]
    uintx AdaptiveSizePolicyWeight                 = 90                                        {product} {command line}
     intx CICompilerCount                          = 4                                         {product} {ergonomic}
    uintx GCTimeRatio                              = 4                                         {product} {command line}
   size_t InitialHeapSize                          = 104857600                                 {product} {command line}
   size_t MaxHeapSize                              = 1073741824                                {product} {command line}
   size_t MaxNewSize                               = 357564416                                 {product} {ergonomic}
   size_t MinHeapDeltaBytes                        = 524288                                    {product} {ergonomic}
   size_t MinHeapSize                              = 104857600                                 {product} {command line}
   size_t NewSize                                  = 34603008                                  {product} {ergonomic}
    uintx NonNMethodCodeHeapSize                   = 5839372                                {pd product} {ergonomic}
    uintx NonProfiledCodeHeapSize                  = 122909434                              {pd product} {ergonomic}
   size_t OldSize                                  = 70254592                                  {product} {ergonomic}
    uintx ProfiledCodeHeapSize                     = 122909434                              {pd product} {ergonomic}
    uintx ReservedCodeCacheSize                    = 251658240                              {pd product} {ergonomic}
     bool SegmentedCodeCache                       = true                                      {product} {ergonomic}
   size_t SoftMaxHeapSize                          = 1073741824                             {manageable} {ergonomic}
     bool UseCompressedClassPointers               = true                           {product lp64_product} {ergonomic}
     bool UseCompressedOops                        = true                           {product lp64_product} {ergonomic}
     bool UseLargePagesIndividualAllocation        = false                                  {pd product} {ergonomic}
     bool UseParallelGC                            = true                                      {product} {command line}

Logging:
Log output configuration:
 #0: stdout all=off uptime,level,tags
 #1: stderr all=off uptime,level,tags

Environment Variables:
JAVA_HOME=C:\Program Files\Amazon Corretto\jdk18.0.2_9
PATH=C:\Python311\Scripts\;C:\Python311\;C:\Program Files\Amazon Corretto\jdk18.0.2_9\bin;C:\windows\system32;C:\windows;C:\windows\System32\Wbem;C:\windows\System32\WindowsPowerShell\v1.0\;C:\windows\System32\OpenSSH\;C:\Program Files (x86)\NVIDIA Corporation\PhysX\Common;C:\Program Files\NVIDIA Corporation\NVIDIA NvDLISR;C:\Program Files\Git\cmd;C:\Program Files\dotnet\;C:\WINDOWS\system32;C:\WINDOWS;C:\WINDOWS\System32\Wbem;C:\WINDOWS\System32\WindowsPowerShell\v1.0\;C:\WINDOWS\System32\OpenSSH\;C:\Program Files\nodejs\;C:\ProgramData\chocolatey\bin;C:\Program Files\MongoDB\Server\6.0\bin;C:\Program Files\mongosh\bin;;C:\Program Files\Docker\Docker\resources\bin;C:\Program Files\MySQL\MySQL Shell 8.0\bin\;C:\Users\jatin\AppData\Local\Microsoft\WindowsApps;;C:\Users\jatin\AppData\Local\Programs\Microsoft VS Code\bin;C:\Program Files\JetBrains\IntelliJ IDEA Community Edition 2022.2.2\bin;;C:\Users\jatin\AppData\Roaming\npm
USERNAME=jatin
OS=Windows_NT
PROCESSOR_IDENTIFIER=AMD64 Family 25 Model 80 Stepping 0, AuthenticAMD
TMP=C:\Users\jatin\AppData\Local\Temp
TEMP=C:\Users\jatin\AppData\Local\Temp



---------------  S Y S T E M  ---------------

OS:
 Windows 11 , 64 bit Build 22621 (10.0.22621.755)
OS uptime: 0 days 0:19 hours
Hyper-V role detected

CPU: total 12 (initial active 12) (12 cores per cpu, 2 threads per core) family 25 model 80 stepping 0 microcode 0x0, cx8, cmov, fxsr, ht, mmx, 3dnowpref, sse, sse2, sse3, ssse3, sse4a, sse4.1, sse4.2, popcnt, lzcnt, tsc, tscinvbit, avx, avx2, aes, erms, clmul, bmi1, bmi2, adx, sha, fma, vzeroupper, clflush, clflushopt, hv

Memory: 4k page, system-wide physical 7523M (1995M free)
TotalPageFile size 9635M (AvailPageFile size 3M)
current process WorkingSet (physical memory assigned to process): 59M, peak: 59M
current process commit charge ("private bytes"): 204M, peak: 204M

vm_info: OpenJDK 64-Bit Server VM (17.0.5+8) for windows-amd64 JRE (17.0.5+8), built on Oct 19 2022 04:48:13 by "temurin" with MS VC++ 16.7 (VS2019)

END.
